<?xml version="1.0" encoding="UTF-8"?>
<!-- Generated by org.testng.reporters.JUnitReportReporter -->
<testsuite hostname="aham" failures="0" tests="1" name="run.two" time="0.008" errors="0" timestamp="2024-10-30T23:12:18 IST" skipped="0">
  <testcase classname="run.two" name="run2" time="0.008"/>
  <system-out/>
</testsuite> <!-- run.two -->
