<?xml version="1.0" encoding="UTF-8"?>
<!-- Generated by org.testng.reporters.JUnitReportReporter -->
<testsuite hostname="aham" failures="0" tests="1" name="run.ClassRun" time="0.008" errors="0" timestamp="2024-10-30T15:53:39 IST" skipped="0">
  <testcase classname="run.ClassRun" name="run" time="0.008"/>
  <system-out/>
</testsuite> <!-- run.ClassRun -->
